<?xml version="1.0" encoding="UTF-8"?>
<!-- Generated by org.testng.reporters.JUnitXMLReporter -->
<testsuite ignored="0" hostname="BHARGAVA" failures="0" tests="6" name="EdgeTestCases" time="43.774" errors="0" timestamp="02 Jun 2021 12:10:40 GMT">
  <testcase classname="testsuite.TestCase" name="@BeforeMethod callingBrowser" time="42.692">
    <failure type="org.openqa.selenium.WebDriverException" message="chrome not reachable
  (Session info: MicrosoftEdge=91.0.864.37)
Build info: version: &amp;apos;3.141.59&amp;apos;, revision: &amp;apos;e82be7d358&amp;apos;, time: &amp;apos;2018-11-14T08:17:03&amp;apos;
System info: host: &amp;apos;BHARGAVA&amp;apos;, ip: &amp;apos;192.168.0.104&amp;apos;, os.name: &amp;apos;Windows 10&amp;apos;, os.arch: &amp;apos;amd64&amp;apos;, os.version: &amp;apos;10.0&amp;apos;, java.version: &amp;apos;15.0.1&amp;apos;
Driver info: org.openqa.selenium.edge.EdgeDriver
Capabilities {acceptInsecureCerts: false, browserName: msedge, browserVersion: 91.0.864.37, javascriptEnabled: true, ms:edgeOptions: {debuggerAddress: localhost:55320}, msedge: {msedgedriverVersion: 91.0.864.37 (ef0020ad63bb4f..., userDataDir: C:\Users\ramra\AppData\Loca...}, networkConnectionEnabled: false, pageLoadStrategy: normal, platform: WINDOWS, platformName: WINDOWS, proxy: Proxy(), setWindowRect: true, strictFileInteractability: false, timeouts: {implicit: 0, pageLoad: 300000, script: 30000}, unhandledPromptBehavior: dismiss and notify, webauthn:extension:largeBlob: true, webauthn:virtualAuthenticators: true}
Session ID: a421eef030f0a0e3f6eec2c8e8f17545
*** Element info: {Using=xpath, value=//header/nav[1]/div[1]/div[1]/div[3]/div[1]/span[1]}">
      <![CDATA[org.openqa.selenium.WebDriverException: chrome not reachable
  (Session info: MicrosoftEdge=91.0.864.37)
Build info: version: '3.141.59', revision: 'e82be7d358', time: '2018-11-14T08:17:03'
System info: host: 'BHARGAVA', ip: '192.168.0.104', os.name: 'Windows 10', os.arch: 'amd64', os.version: '10.0', java.version: '15.0.1'
Driver info: org.openqa.selenium.edge.EdgeDriver
Capabilities {acceptInsecureCerts: false, browserName: msedge, browserVersion: 91.0.864.37, javascriptEnabled: true, ms:edgeOptions: {debuggerAddress: localhost:55320}, msedge: {msedgedriverVersion: 91.0.864.37 (ef0020ad63bb4f..., userDataDir: C:\Users\ramra\AppData\Loca...}, networkConnectionEnabled: false, pageLoadStrategy: normal, platform: WINDOWS, platformName: WINDOWS, proxy: Proxy(), setWindowRect: true, strictFileInteractability: false, timeouts: {implicit: 0, pageLoad: 300000, script: 30000}, unhandledPromptBehavior: dismiss and notify, webauthn:extension:largeBlob: true, webauthn:virtualAuthenticators: true}
Session ID: a421eef030f0a0e3f6eec2c8e8f17545
*** Element info: {Using=xpath, value=//header/nav[1]/div[1]/div[1]/div[3]/div[1]/span[1]}
at org.openqa.selenium.remote.http.W3CHttpResponseCodec.createException(W3CHttpResponseCodec.java:187)
at org.openqa.selenium.remote.http.W3CHttpResponseCodec.decode(W3CHttpResponseCodec.java:122)
at org.openqa.selenium.remote.http.W3CHttpResponseCodec.decode(W3CHttpResponseCodec.java:49)
at org.openqa.selenium.remote.HttpCommandExecutor.execute(HttpCommandExecutor.java:158)
at org.openqa.selenium.remote.service.DriverCommandExecutor.execute(DriverCommandExecutor.java:83)
at org.openqa.selenium.remote.RemoteWebDriver.execute(RemoteWebDriver.java:552)
at org.openqa.selenium.remote.RemoteWebDriver.findElement(RemoteWebDriver.java:323)
at org.openqa.selenium.remote.RemoteWebDriver.findElementByXPath(RemoteWebDriver.java:428)
at org.openqa.selenium.By$ByXPath.findElement(By.java:353)
at org.openqa.selenium.remote.RemoteWebDriver.findElement(RemoteWebDriver.java:315)
at pages.HomePage.enterTheHomepage(HomePage.java:26)
at testsuite.TestCase.callingBrowser(TestCase.java:32)
at java.base/java.util.concurrent.FutureTask.run(FutureTask.java:264)
at java.base/java.util.concurrent.ThreadPoolExecutor.runWorker(ThreadPoolExecutor.java:1130)
at java.base/java.util.concurrent.ThreadPoolExecutor$Worker.run(ThreadPoolExecutor.java:630)
at java.base/java.lang.Thread.run(Thread.java:832)
... Removed 24 stack frames]]>
    </failure>
  </testcase> <!-- @BeforeMethod callingBrowser -->
  <testcase classname="testsuite.TestCase" name="@AfterMethod closeBrowser" time="0.0">
    <skipped/>
  </testcase> <!-- @AfterMethod closeBrowser -->
  <testcase classname="testsuite.TestCase" name="@BeforeMethod callingBrowser" time="0.0">
    <skipped/>
  </testcase> <!-- @BeforeMethod callingBrowser -->
  <testcase classname="testsuite.TestCase" name="@AfterMethod closeBrowser" time="0.0">
    <skipped/>
  </testcase> <!-- @AfterMethod closeBrowser -->
  <testcase classname="testsuite.TestCase" name="@BeforeMethod callingBrowser" time="0.0">
    <skipped/>
  </testcase> <!-- @BeforeMethod callingBrowser -->
  <testcase classname="testsuite.TestCase" name="@AfterMethod closeBrowser" time="0.0">
    <skipped/>
  </testcase> <!-- @AfterMethod closeBrowser -->
  <testcase classname="testsuite.TestCase" name="@BeforeMethod callingBrowser" time="0.0">
    <skipped/>
  </testcase> <!-- @BeforeMethod callingBrowser -->
  <testcase classname="testsuite.TestCase" name="@AfterMethod closeBrowser" time="0.0">
    <skipped/>
  </testcase> <!-- @AfterMethod closeBrowser -->
  <testcase classname="testsuite.TestCase" name="@BeforeMethod callingBrowser" time="0.0">
    <skipped/>
  </testcase> <!-- @BeforeMethod callingBrowser -->
  <testcase classname="testsuite.TestCase" name="@AfterMethod closeBrowser" time="0.0">
    <skipped/>
  </testcase> <!-- @AfterMethod closeBrowser -->
  <testcase classname="testsuite.TestCase" name="@BeforeMethod callingBrowser" time="0.0">
    <skipped/>
  </testcase> <!-- @BeforeMethod callingBrowser -->
  <testcase classname="testsuite.TestCase" name="@AfterMethod closeBrowser" time="0.0">
    <skipped/>
  </testcase> <!-- @AfterMethod closeBrowser -->
  <testcase classname="testsuite.TestCase" name="test0" time="0.0">
    <skipped/>
  </testcase> <!-- test0 -->
  <testcase classname="testsuite.TestCase" name="test1" time="0.0">
    <skipped/>
  </testcase> <!-- test1 -->
  <testcase classname="testsuite.TestCase" name="test2" time="0.0">
    <skipped/>
  </testcase> <!-- test2 -->
  <testcase classname="testsuite.TestCase" name="test3" time="0.0">
    <skipped/>
  </testcase> <!-- test3 -->
  <testcase classname="testsuite.TestCase" name="test4" time="0.0">
    <skipped/>
  </testcase> <!-- test4 -->
  <testcase classname="testsuite.TestCase" name="test5" time="0.0">
    <skipped/>
  </testcase> <!-- test5 -->
</testsuite> <!-- EdgeTestCases -->
