<?xml version="1.0" encoding="UTF-8"?>
<testng-results ignored="0" total="2" passed="2" failed="0" skipped="0">
  <reporter-output>
  </reporter-output>
  <suite started-at="2021-06-14T15:36:55 IST" name="Suite" finished-at="2021-06-14T15:39:53 IST" duration-ms="178233">
    <groups>
    </groups>
    <test started-at="2021-06-14T15:36:55 IST" name="Test" finished-at="2021-06-14T15:39:53 IST" duration-ms="178233">
      <class name="testsuite.TestCase">
        <test-method is-config="true" signature="callingBrowser(java.lang.String)[pri:0, instance:testsuite.TestCase@666b83a4]" started-at="2021-06-14T15:36:55 IST" name="callingBrowser" finished-at="2021-06-14T15:38:15 IST" duration-ms="79795" status="PASS">
          <params>
            <param index="0">
              <value>
                <![CDATA[chrome]]>
              </value>
            </param>
          </params>
          <reporter-output>
          </reporter-output>
        </test-method> <!-- callingBrowser -->
        <test-method signature="test0()[pri:1, instance:testsuite.TestCase@666b83a4]" started-at="2021-06-14T15:38:15 IST" name="test0" finished-at="2021-06-14T15:38:26 IST" duration-ms="11653" status="PASS">
          <reporter-output>
          </reporter-output>
        </test-method> <!-- test0 -->
        <test-method is-config="true" signature="closingBrowser()[pri:0, instance:testsuite.TestCase@666b83a4]" started-at="2021-06-14T15:38:26 IST" name="closingBrowser" finished-at="2021-06-14T15:38:28 IST" duration-ms="1689" status="PASS">
          <reporter-output>
          </reporter-output>
        </test-method> <!-- closingBrowser -->
        <test-method is-config="true" signature="callingBrowser(java.lang.String)[pri:0, instance:testsuite.TestCase@666b83a4]" started-at="2021-06-14T15:38:28 IST" name="callingBrowser" finished-at="2021-06-14T15:39:31 IST" duration-ms="62661" status="PASS">
          <params>
            <param index="0">
              <value>
                <![CDATA[chrome]]>
              </value>
            </param>
          </params>
          <reporter-output>
          </reporter-output>
        </test-method> <!-- callingBrowser -->
        <test-method signature="test1()[pri:2, instance:testsuite.TestCase@666b83a4]" started-at="2021-06-14T15:39:31 IST" name="test1" finished-at="2021-06-14T15:39:52 IST" duration-ms="21231" status="PASS">
          <reporter-output>
          </reporter-output>
        </test-method> <!-- test1 -->
        <test-method is-config="true" signature="closingBrowser()[pri:0, instance:testsuite.TestCase@666b83a4]" started-at="2021-06-14T15:39:52 IST" name="closingBrowser" finished-at="2021-06-14T15:39:53 IST" duration-ms="1150" status="PASS">
          <reporter-output>
          </reporter-output>
        </test-method> <!-- closingBrowser -->
      </class> <!-- testsuite.TestCase -->
    </test> <!-- Test -->
  </suite> <!-- Suite -->
</testng-results>
